#
# A fatal error has been detected by the Java Runtime Environment:
#
#  EXCEPTION_ACCESS_VIOLATION (0xc0000005) at pc=0x000000000000000b, pid=7496, tid=0x0000000000003d54
#
# JRE version: Java(TM) SE Runtime Environment (8.0_381) (build 1.8.0_381-b09)
# Java VM: Java HotSpot(TM) 64-Bit Server VM (25.381-b09 mixed mode windows-amd64 compressed oops)
# Problematic frame:
# C  0x000000000000000b
#
# Failed to write core dump. Minidumps are not enabled by default on client versions of Windows
#
# If you would like to submit a bug report, please visit:
#   http://bugreport.java.com/bugreport/crash.jsp
#

---------------  T H R E A D  ---------------

Current thread (0x000001e956b7f800):  GCTaskThread [stack: 0x0000002f13000000,0x0000002f13100000] [id=15700]

siginfo: ExceptionCode=0xc0000005, ExceptionInformation=0x0000000000000008 0x000000000000000b

Registers:
RAX=0x000001e977568178, RBX=0x000001e9719a1ec0, RCX=0x00000007c0307ea8, RDX=0x000001e9719a1ec0
RSP=0x0000002f130ff708, RBP=0x000000000000000c, RSI=0x00000006cf370000, RDI=0x000001e967a71b81
R8 =0x00000006cf36fd50, R9 =0x00000007c0307ea8, R10=0x00007ffa57e60000, R11=0xffffffffffffffff
R12=0x000001e967a71b77, R13=0x000001e956b70170, R14=0x000001e956b700b0, R15=0x00000006cf36fd50
RIP=0x000000000000000b, EFLAGS=0x0000000000010a87

Top of Stack: (sp=0x0000002f130ff708)
0x0000002f130ff708:   00007ff9ef71a264 000001e9719a1ec0
0x0000002f130ff718:   000001e9719a1ec0 000000000000000c
0x0000002f130ff728:   000001e956b57b00 000001e967a71b00
0x0000002f130ff738:   00000006cf370000 000001e967a71580
0x0000002f130ff748:   000001e967a7493b 0000000000000680
0x0000002f130ff758:   0000000000000580 000001e956b7fda0
0x0000002f130ff768:   000001e9719a1ec0 0000000000000001
0x0000002f130ff778:   0000000000000000 000001e956b709c0
0x0000002f130ff788:   00007ff9ef985e78 000001e956b7fdb0
0x0000002f130ff798:   00007ff9ef72d632 000001e956b700b0
0x0000002f130ff7a8:   000001e971746ee0 000001e967a71b81
0x0000002f130ff7b8:   00000006cf9275c8 000001e9719a1ec0
0x0000002f130ff7c8:   000000000000000b 000001e90000000d
0x0000002f130ff7d8:   0000000000000006 000001e971746ee0
0x0000002f130ff7e8:   00007ff9ef71bac9 000001e956b7f800
0x0000002f130ff7f8:   0000000000000000 0000000000000001 

Instructions: (pc=0x000000000000000b)
0xffffffffffffffeb:   


Register to memory mapping:

RAX={method} {0x000001e977568180} 'calculateG1' '([I)D' in 'de/metanome/algorithms/cfdfinder/pattern/Pattern'
RBX=0x000001e9719a1ec0 is an unknown value
RCX=0x00000007c0307ea8 is pointing into metadata
RDX=0x000001e9719a1ec0 is an unknown value
RSP=0x0000002f130ff708 is an unknown value
RBP=0x000000000000000c is an unknown value
RSI=0x00000006cf370000 is an oop
de.metanome.algorithms.cfdfinder.pattern.ConstantPatternEntry 
 - klass: 'de/metanome/algorithms/cfdfinder/pattern/ConstantPatternEntry'
 - ---- fields (total size 2 words):
 - private 'constant' 'I' @12  9597 (257d)
RDI=0x000001e967a71b81 is an unknown value
R8 =0x00000006cf36fd50 is an oop

[error occurred during error reporting (printing register info), id 0xc0000005]

Stack: [0x0000002f13000000,0x0000002f13100000],  sp=0x0000002f130ff708,  free space=1021k
Native frames: (J=compiled Java code, j=interpreted, Vv=VM code, C=native code)
C  0x000000000000000b


---------------  P R O C E S S  ---------------

Java Threads: ( => current thread )
  0x000001e9750fb000 JavaThread "pool-1-thread-1" [_thread_blocked, id=6588, stack(0x0000002f14b00000,0x0000002f14c00000)]
  0x000001e975305000 JavaThread "Abandoned connection cleanup thread" daemon [_thread_blocked, id=6256, stack(0x0000002f14a00000,0x0000002f14b00000)]
  0x000001e97479b000 JavaThread "Service Thread" daemon [_thread_blocked, id=4160, stack(0x0000002f14800000,0x0000002f14900000)]
  0x000001e97471c800 JavaThread "C1 CompilerThread11" daemon [_thread_blocked, id=12788, stack(0x0000002f14700000,0x0000002f14800000)]
  0x000001e97471c000 JavaThread "C1 CompilerThread10" daemon [_thread_blocked, id=8348, stack(0x0000002f14600000,0x0000002f14700000)]
  0x000001e974722000 JavaThread "C1 CompilerThread9" daemon [_thread_blocked, id=7724, stack(0x0000002f14500000,0x0000002f14600000)]
  0x000001e974723000 JavaThread "C1 CompilerThread8" daemon [_thread_blocked, id=16200, stack(0x0000002f14400000,0x0000002f14500000)]
  0x000001e9746f3000 JavaThread "C2 CompilerThread7" daemon [_thread_blocked, id=4572, stack(0x0000002f14300000,0x0000002f14400000)]
  0x000001e9746e6000 JavaThread "C2 CompilerThread6" daemon [_thread_blocked, id=11628, stack(0x0000002f14200000,0x0000002f14300000)]
  0x000001e9746cc800 JavaThread "C2 CompilerThread5" daemon [_thread_blocked, id=16116, stack(0x0000002f14100000,0x0000002f14200000)]
  0x000001e9746ba800 JavaThread "C2 CompilerThread4" daemon [_thread_blocked, id=9528, stack(0x0000002f14000000,0x0000002f14100000)]
  0x000001e9746b2000 JavaThread "C2 CompilerThread3" daemon [_thread_blocked, id=11880, stack(0x0000002f13f00000,0x0000002f14000000)]
  0x000001e9746b1000 JavaThread "C2 CompilerThread2" daemon [_thread_blocked, id=10144, stack(0x0000002f13e00000,0x0000002f13f00000)]
  0x000001e9746b0800 JavaThread "C2 CompilerThread1" daemon [_thread_blocked, id=4004, stack(0x0000002f13d00000,0x0000002f13e00000)]
  0x000001e9746af000 JavaThread "C2 CompilerThread0" daemon [_thread_blocked, id=3916, stack(0x0000002f13c00000,0x0000002f13d00000)]
  0x000001e9746ac000 JavaThread "Attach Listener" daemon [_thread_blocked, id=11080, stack(0x0000002f13b00000,0x0000002f13c00000)]
  0x000001e9746a9800 JavaThread "Signal Dispatcher" daemon [_thread_blocked, id=1792, stack(0x0000002f13a00000,0x0000002f13b00000)]
  0x000001e9746a1800 JavaThread "Finalizer" daemon [_thread_blocked, id=10200, stack(0x0000002f13900000,0x0000002f13a00000)]
  0x000001e9719af000 JavaThread "Reference Handler" daemon [_thread_blocked, id=8452, stack(0x0000002f13800000,0x0000002f13900000)]
  0x000001e956b5a000 JavaThread "main" [_thread_blocked, id=14628, stack(0x0000002f12900000,0x0000002f12a00000)]

Other Threads:
  0x000001e9719a5000 VMThread [stack: 0x0000002f13700000,0x0000002f13800000] [id=7236]
  0x000001e9747a4000 WatcherThread [stack: 0x0000002f14900000,0x0000002f14a00000] [id=3668]

=>0x000001e956b7f800 (exited) GCTaskThread [stack: 0x0000002f13000000,0x0000002f13100000] [id=15700]

VM state:at safepoint (normal execution)

VM Mutex/Monitor currently owned by a thread:  ([mutex/lock_event])
[0x000001e956b559f0] Threads_lock - owner thread: 0x000001e9719a5000
[0x000001e956b57d80] Heap_lock - owner thread: 0x000001e956b5a000

heap address: 0x00000006c1000000, size: 4080 MB, Compressed Oops mode: Zero based, Oop shift amount: 3
Narrow klass base: 0x0000000000000000, Narrow klass shift: 3
Compressed class space size: 1073741824 Address: 0x00000007c0000000

Heap:
 PSYoungGen      total 326656K, used 288352K [0x000000076b000000, 0x0000000784600000, 0x00000007c0000000)
  eden space 251904K, 100% used [0x000000076b000000,0x000000077a600000,0x000000077a600000)
  from space 74752K, 48% used [0x000000077fd00000,0x0000000782098010,0x0000000784600000)
  to   space 81920K, 45% used [0x000000077a600000,0x000000077ca88010,0x000000077f600000)
 ParOldGen       total 479744K, used 268989K [0x00000006c1000000, 0x00000006de480000, 0x000000076b000000)
  object space 479744K, 56% used [0x00000006c1000000,0x00000006d16af5c8,0x00000006de480000)
 Metaspace       used 25662K, capacity 25866K, committed 26368K, reserved 1073152K
  class space    used 3140K, capacity 3209K, committed 3328K, reserved 1048576K

Card table byte_map: [0x000001e967a00000,0x000001e968200000] byte_map_base: 0x000001e9643f8000

Marking Bits: (ParMarkBitMap*) 0x00007ff9efb66040
 Begin Bits: [0x000001e968750000, 0x000001e96c710000)
 End Bits:   [0x000001e96c710000, 0x000001e9706d0000)

Polling page: 0x000001e956d80000

CodeCache: size=245760Kb used=8859Kb max_used=10413Kb free=236900Kb
 bounds [0x000001e958640000, 0x000001e9590b0000, 0x000001e967640000]
 total_blobs=2802 nmethods=2322 adapters=389
 compilation: enabled

Compilation events (10 events):
Event: 6482.842 Thread 0x000001e974722000 2859       3       java.util.concurrent.locks.AbstractQueuedSynchronizer$ConditionObject::checkInterruptWhileWaiting (27 bytes)
Event: 6482.844 Thread 0x000001e974722000 nmethod 2859 0x000001e958fb1e90 code [0x000001e958fb2060, 0x000001e958fb26c0]
Event: 6572.863 Thread 0x000001e97471c800 2860       3       java.util.concurrent.ThreadPoolExecutor$Worker::unlock (7 bytes)
Event: 6572.863 Thread 0x000001e97471c000 2861       3       java.util.concurrent.ThreadPoolExecutor$Worker::tryRelease (12 bytes)
Event: 6572.864 Thread 0x000001e97471c000 nmethod 2861 0x000001e958936790 code [0x000001e958936900, 0x000001e958936c38]
Event: 6572.864 Thread 0x000001e97471c800 nmethod 2860 0x000001e9589533d0 code [0x000001e958953560, 0x000001e958953ab0]
Event: 6650.115 Thread 0x000001e97471c000 2862 % !   3       com.mysql.jdbc.AbandonedConnectionCleanupThread::run @ 4 (62 bytes)
Event: 6650.116 Thread 0x000001e97471c000 

Event: 6722.899 Thread 0x000001e97471c000 2863       3       java.util.concurrent.locks.LockSupport::parkNanos (29 bytes)
Event: 6722.899 Thread 0x000001e97471c000 nmethod 2863 0x000001e958fa2b50 code [0x000001e958fa2cc0, 0x000001e958fa3050]

GC Heap History (10 events):
Event: 6688.138 GC heap after
Heap after GC invocations=496 (full 40):
 PSYoungGen      total 357376K, used 60665K [0x000000076b000000, 0x0000000786800000, 0x00000007c0000000)
  eden space 275456K, 0% used [0x000000076b000000,0x000000076b000000,0x000000077bd00000)
  from space 81920K, 74% used [0x0000000781800000,0x000000078533e520,0x0000000786800000)
  to   space 87552K, 0% used [0x000000077bd00000,0x000000077bd00000,0x0000000781280000)
 ParOldGen       total 479744K, used 144533K [0x00000006c1000000, 0x00000006de480000, 0x000000076b000000)
  object space 479744K, 30% used [0x00000006c1000000,0x00000006c9d255b8,0x00000006de480000)
 Metaspace       used 25661K, capacity 25866K, committed 26368K, reserved 1073152K
  class space    used 3140K, capacity 3209K, committed 3328K, reserved 1048576K
}
Event: 6713.729 GC heap before
{Heap before GC invocations=497 (full 40):
 PSYoungGen      total 357376K, used 336121K [0x000000076b000000, 0x0000000786800000, 0x00000007c0000000)
  eden space 275456K, 100% used [0x000000076b000000,0x000000077bd00000,0x000000077bd00000)
  from space 81920K, 74% used [0x0000000781800000,0x000000078533e520,0x0000000786800000)
  to   space 87552K, 0% used [0x000000077bd00000,0x000000077bd00000,0x0000000781280000)
 ParOldGen       total 479744K, used 144533K [0x00000006c1000000, 0x00000006de480000, 0x000000076b000000)
  object space 479744K, 30% used [0x00000006c1000000,0x00000006c9d255b8,0x00000006de480000)
 Metaspace       used 25661K, capacity 25866K, committed 26368K, reserved 1073152K
  class space    used 3140K, capacity 3209K, committed 3328K, reserved 1048576K
Event: 6713.764 GC heap after
Heap after GC invocations=497 (full 40):
 PSYoungGen      total 315392K, used 45664K [0x000000076b000000, 0x0000000785c00000, 0x00000007c0000000)
  eden space 269312K, 0% used [0x000000076b000000,0x000000076b000000,0x000000077b700000)
  from space 46080K, 99% used [0x000000077bd00000,0x000000077e998010,0x000000077ea00000)
  to   space 84480K, 0% used [0x0000000780980000,0x0000000780980000,0x0000000785c00000)
 ParOldGen       total 479744K, used 162653K [0x00000006c1000000, 0x00000006de480000, 0x000000076b000000)
  object space 479744K, 33% used [0x00000006c1000000,0x00000006caed75b8,0x00000006de480000)
 Metaspace       used 25661K, capacity 25866K, committed 26368K, reserved 1073152K
  class space    used 3140K, capacity 3209K, committed 3328K, reserved 1048576K
}
Event: 6725.602 GC heap before
{Heap before GC invocations=498 (full 40):
 PSYoungGen      total 315392K, used 314976K [0x000000076b000000, 0x0000000785c00000, 0x00000007c0000000)
  eden space 269312K, 100% used [0x000000076b000000,0x000000077b700000,0x000000077b700000)
  from space 46080K, 99% used [0x000000077bd00000,0x000000077e998010,0x000000077ea00000)
  to   space 84480K, 0% used [0x0000000780980000,0x0000000780980000,0x0000000785c00000)
 ParOldGen       total 479744K, used 162653K [0x00000006c1000000, 0x00000006de480000, 0x000000076b000000)
  object space 479744K, 33% used [0x00000006c1000000,0x00000006caed75b8,0x00000006de480000)
 Metaspace       used 25662K, capacity 25866K, committed 26368K, reserved 1073152K
  class space    used 3140K, capacity 3209K, committed 3328K, reserved 1048576K
Event: 6725.632 GC heap after
Heap after GC invocations=498 (full 40):
 PSYoungGen      total 340480K, used 29984K [0x000000076b000000, 0x0000000785500000, 0x00000007c0000000)
  eden space 263168K, 0% used [0x000000076b000000,0x000000076b000000,0x000000077b100000)
  from space 77312K, 38% used [0x0000000780980000,0x00000007826c8010,0x0000000785500000)
  to   space 83968K, 0% used [0x000000077b100000,0x000000077b100000,0x0000000780300000)
 ParOldGen       total 479744K, used 193933K [0x00000006c1000000, 0x00000006de480000, 0x000000076b000000)
  object space 479744K, 40% used [0x00000006c1000000,0x00000006ccd635b8,0x00000006de480000)
 Metaspace       used 25662K, capacity 25866K, committed 26368K, reserved 1073152K
  class space    used 3140K, capacity 3209K, committed 3328K, reserved 1048576K
}
Event: 6729.693 GC heap before
{Heap before GC invocations=499 (full 40):
 PSYoungGen      total 340480K, used 293152K [0x000000076b000000, 0x0000000785500000, 0x00000007c0000000)
  eden space 263168K, 100% used [0x000000076b000000,0x000000077b100000,0x000000077b100000)
  from space 77312K, 38% used [0x0000000780980000,0x00000007826c8010,0x0000000785500000)
  to   space 83968K, 0% used [0x000000077b100000,0x000000077b100000,0x0000000780300000)
 ParOldGen       total 479744K, used 193933K [0x00000006c1000000, 0x00000006de480000, 0x000000076b000000)
  object space 479744K, 40% used [0x00000006c1000000,0x00000006ccd635b8,0x00000006de480000)
 Metaspace       used 25662K, capacity 25866K, committed 26368K, reserved 1073152K
  class space    used 3140K, capacity 3209K, committed 3328K, reserved 1048576K
Event: 6729.753 GC heap after
Heap after GC invocations=499 (full 40):
 PSYoungGen      total 313344K, used 55673K [0x000000076b000000, 0x0000000784e80000, 0x00000007c0000000)
  eden space 257536K, 0% used [0x000000076b000000,0x000000076b000000,0x000000077ab80000)
  from space 55808K, 99% used [0x000000077b100000,0x000000077e75e530,0x000000077e780000)
  to   space 83456K, 0% used [0x000000077fd00000,0x000000077fd00000,0x0000000784e80000)
 ParOldGen       total 479744K, used 221997K [0x00000006c1000000, 0x00000006de480000, 0x000000076b000000)
  object space 479744K, 46% used [0x00000006c1000000,0x00000006ce8cb5b8,0x00000006de480000)
 Metaspace       used 25662K, capacity 25866K, committed 26368K, reserved 1073152K
  class space    used 3140K, capacity 3209K, committed 3328K, reserved 1048576K
}
Event: 6756.064 GC heap before
{Heap before GC invocations=500 (full 40):
 PSYoungGen      total 313344K, used 313209K [0x000000076b000000, 0x0000000784e80000, 0x00000007c0000000)
  eden space 257536K, 100% used [0x000000076b000000,0x000000077ab80000,0x000000077ab80000)
  from space 55808K, 99% used [0x000000077b100000,0x000000077e75e530,0x000000077e780000)
  to   space 83456K, 0% used [0x000000077fd00000,0x000000077fd00000,0x0000000784e80000)
 ParOldGen       total 479744K, used 221997K [0x00000006c1000000, 0x00000006de480000, 0x000000076b000000)
  object space 479744K, 46% used [0x00000006c1000000,0x00000006ce8cb5b8,0x00000006de480000)
 Metaspace       used 25662K, capacity 25866K, committed 26368K, reserved 1073152K
  class space    used 3140K, capacity 3209K, committed 3328K, reserved 1048576K
Event: 6756.091 GC heap after
Heap after GC invocations=500 (full 40):
 PSYoungGen      total 326656K, used 36448K [0x000000076b000000, 0x0000000784600000, 0x00000007c0000000)
  eden space 251904K, 0% used [0x000000076b000000,0x000000076b000000,0x000000077a600000)
  from space 74752K, 48% used [0x000000077fd00000,0x0000000782098010,0x0000000784600000)
  to   space 81920K, 0% used [0x000000077a600000,0x000000077a600000,0x000000077f600000)
 ParOldGen       total 479744K, used 238749K [0x00000006c1000000, 0x00000006de480000, 0x000000076b000000)
  object space 479744K, 49% used [0x00000006c1000000,0x00000006cf9275c8,0x00000006de480000)
 Metaspace       used 25662K, capacity 25866K, committed 26368K, reserved 1073152K
  class space    used 3140K, capacity 3209K, committed 3328K, reserved 1048576K
}
Event: 6765.665 GC heap before
{Heap before GC invocations=501 (full 40):
 PSYoungGen      total 326656K, used 288352K [0x000000076b000000, 0x0000000784600000, 0x00000007c0000000)
  eden space 251904K, 100% used [0x000000076b000000,0x000000077a600000,0x000000077a600000)
  from space 74752K, 48% used [0x000000077fd00000,0x0000000782098010,0x0000000784600000)
  to   space 81920K, 0% used [0x000000077a600000,0x000000077a600000,0x000000077f600000)
 ParOldGen       total 479744K, used 238749K [0x00000006c1000000, 0x00000006de480000, 0x000000076b000000)
  object space 479744K, 49% used [0x00000006c1000000,0x00000006cf9275c8,0x00000006de480000)
 Metaspace       used 25662K, capacity 25866K, committed 26368K, reserved 1073152K
  class space    used 3140K, capacity 3209K, committed 3328K, reserved 1048576K

Deoptimization events (10 events):
Event: 805.169 Thread 0x000001e956b5a000 Uncommon trap: reason=unstable_if action=reinterpret pc=0x000001e9588ea838 method=java.util.HashMap.clear()V @ 36
Event: 971.123 Thread 0x000001e956b5a000 Uncommon trap: reason=unstable_if action=reinterpret pc=0x000001e9590624ac method=java.lang.Integer.compare(II)I @ 11
Event: 971.123 Thread 0x000001e956b5a000 Uncommon trap: reason=unstable_if action=reinterpret pc=0x000001e9588e8848 method=java.lang.Integer.compare(II)I @ 11
Event: 971.123 Thread 0x000001e956b5a000 Uncommon trap: reason=unstable_if action=reinterpret pc=0x000001e95904a778 method=java.lang.Integer.compare(II)I @ 11
Event: 971.585 Thread 0x000001e956b5a000 Uncommon trap: reason=unstable_if action=reinterpret pc=0x000001e958956998 method=java.lang.Integer.compare(II)I @ 11
Event: 1235.588 Thread 0x000001e956b5a000 Uncommon trap: reason=unstable_if action=reinterpret pc=0x000001e95909e1fc method=de.metanome.algorithms.cfdfinder.CFDFinder.generateTableau(Ljava/util/BitSet;[[ILde/metanome/algorithms/cfdfinder/structures/PositionListIndex;[IILde/metanome/algorithms/cfd
Event: 1447.294 Thread 0x000001e956b5a000 Uncommon trap: reason=unstable_if action=reinterpret pc=0x000001e959096a9c method=de.metanome.algorithms.cfdfinder.CFDFinder.generateTableau(Ljava/util/BitSet;[[ILde/metanome/algorithms/cfdfinder/structures/PositionListIndex;[IILde/metanome/algorithms/cfd
Event: 1514.838 Thread 0x000001e956b5a000 Uncommon trap: reason=predicate action=maybe_recompile pc=0x000001e95905a780 method=java.util.LinkedList.indexOf(Ljava/lang/Object;)I @ 47
Event: 1666.801 Thread 0x000001e956b5a000 Uncommon trap: reason=predicate action=maybe_recompile pc=0x000001e95905c7ec method=java.util.LinkedList.indexOf(Ljava/lang/Object;)I @ 47
Event: 4376.990 Thread 0x000001e9719af000 Uncommon trap: reason=unstable_if action=reinterpret pc=0x000001e958f897c8 method=java.lang.ref.Reference.tryHandlePending(Z)Z @ 104

Classes redefined (0 events):
No events

Internal exceptions (10 events):
Event: 0.735 Thread 0x000001e956b5a000 Implicit null exception at 0x000001e958a6c096 to 0x000001e958a6c445
Event: 0.957 Thread 0x000001e956b5a000 Exception <a 'java/lang/NullPointerException'> (0x000000076cfbec80) thrown at [C:\jenkins\workspace\8-2-build-windows-x64-cygwin-sans-NAS\jdk8u381\237\hotspot\src\share\vm\runtime\reflection.cpp, line 922]
Event: 0.957 Thread 0x000001e956b5a000 Implicit null exception at 0x000001e958a353d9 to 0x000001e958a35789
Event: 1.442 Thread 0x000001e956b5a000 Exception <a 'java/lang/NoSuchFieldError': method resolution failed> (0x000000076e6581d8) thrown at [C:\jenkins\workspace\8-2-build-windows-x64-cygwin-sans-NAS\jdk8u381\237\hotspot\src\share\vm\prims\methodHandles.cpp, line 1188]
Event: 1.444 Thread 0x000001e956b5a000 Exception <a 'java/lang/NoSuchFieldError': method resolution failed> (0x000000076e665898) thrown at [C:\jenkins\workspace\8-2-build-windows-x64-cygwin-sans-NAS\jdk8u381\237\hotspot\src\share\vm\prims\methodHandles.cpp, line 1188]
Event: 2.267 Thread 0x000001e956b5a000 Exception <a 'java/lang/ClassNotFoundException': de/metanome/backend/results_db/AlgorithmType> (0x000000076d0b62a0) thrown at [C:\jenkins\workspace\8-2-build-windows-x64-cygwin-sans-NAS\jdk8u381\237\hotspot\src\share\vm\classfile\systemDictionary.cpp, lin
Event: 2.290 Thread 0x000001e956b5a000 Exception <a 'java/lang/ClassNotFoundException': de/metanome/backend/results_db/AlgorithmType> (0x000000076d2053b0) thrown at [C:\jenkins\workspace\8-2-build-windows-x64-cygwin-sans-NAS\jdk8u381\237\hotspot\src\share\vm\classfile\systemDictionary.cpp, lin
Event: 2.867 Thread 0x000001e956b5a000 Implicit null exception at 0x000001e958e76bbd to 0x000001e958e778cd
Event: 632.902 Thread 0x000001e956b5a000 Implicit null exception at 0x000001e95892282c to 0x000001e958922869
Event: 633.012 Thread 0x000001e956b5a000 Implicit null exception at 0x000001e95905da66 to 0x000001e95905db09

Events (10 events):
Event: 6688.139 Executing VM operation: ParallelGCFailedAllocation done
Event: 6713.729 Executing VM operation: ParallelGCFailedAllocation
Event: 6713.764 Executing VM operation: ParallelGCFailedAllocation done
Event: 6725.602 Executing VM operation: ParallelGCFailedAllocation
Event: 6725.632 Executing VM operation: ParallelGCFailedAllocation done
Event: 6729.693 Executing VM operation: ParallelGCFailedAllocation
Event: 6729.754 Executing VM operation: ParallelGCFailedAllocation done
Event: 6756.064 Executing VM operation: ParallelGCFailedAllocation
Event: 6756.091 Executing VM operation: ParallelGCFailedAllocation done
Event: 6765.665 Executing VM operation: ParallelGCFailedAllocation


Dynamic libraries:
0x00007ff70f2b0000 - 0x00007ff70f2fa000 	C:\Program Files\Java\jre-1.8\bin\java.exe
0x00007ffa66af0000 - 0x00007ffa66ce8000 	C:\WINDOWS\SYSTEM32\ntdll.dll
0x00007ffa64e20000 - 0x00007ffa64edf000 	C:\WINDOWS\System32\KERNEL32.DLL
0x00007ffa64200000 - 0x00007ffa644f6000 	C:\WINDOWS\System32\KERNELBASE.dll
0x00007ffa65170000 - 0x00007ffa6521f000 	C:\WINDOWS\System32\ADVAPI32.dll
0x00007ffa64c30000 - 0x00007ffa64cce000 	C:\WINDOWS\System32\msvcrt.dll
0x00007ffa65310000 - 0x00007ffa653ac000 	C:\WINDOWS\System32\sechost.dll
0x00007ffa64fc0000 - 0x00007ffa650e6000 	C:\WINDOWS\System32\RPCRT4.dll
0x00007ffa655c0000 - 0x00007ffa6575d000 	C:\WINDOWS\System32\USER32.dll
0x00007ffa64500000 - 0x00007ffa64522000 	C:\WINDOWS\System32\win32u.dll
0x00007ffa64b50000 - 0x00007ffa64b7c000 	C:\WINDOWS\System32\GDI32.dll
0x00007ffa645e0000 - 0x00007ffa646f5000 	C:\WINDOWS\System32\gdi32full.dll
0x00007ffa647e0000 - 0x00007ffa6487d000 	C:\WINDOWS\System32\msvcp_win.dll
0x00007ffa649e0000 - 0x00007ffa64ae0000 	C:\WINDOWS\System32\ucrtbase.dll
0x00007ffa581c0000 - 0x00007ffa5845a000 	C:\WINDOWS\WinSxS\amd64_microsoft.windows.common-controls_6595b64144ccf1df_6.0.19041.1110_none_60b5254171f9507e\COMCTL32.dll
0x00007ffa64cd0000 - 0x00007ffa64d00000 	C:\WINDOWS\System32\IMM32.DLL
0x00007ffa57e60000 - 0x00007ffa57e7b000 	C:\Program Files\Java\jre-1.8\bin\vcruntime140.dll
0x00007ffa5bc40000 - 0x00007ffa5bc4c000 	C:\Program Files\Java\jre-1.8\bin\vcruntime140_1.dll
0x00007ffa39310000 - 0x00007ffa3939e000 	C:\Program Files\Java\jre-1.8\bin\msvcp140.dll
0x00007ff9ef330000 - 0x00007ff9efbe0000 	C:\Program Files\Java\jre-1.8\bin\server\jvm.dll
0x00007ffa64db0000 - 0x00007ffa64db8000 	C:\WINDOWS\System32\PSAPI.DLL
0x00007ffa29750000 - 0x00007ffa29759000 	C:\WINDOWS\SYSTEM32\WSOCK32.dll
0x00007ffa5c050000 - 0x00007ffa5c05a000 	C:\WINDOWS\SYSTEM32\VERSION.dll
0x00007ffa551f0000 - 0x00007ffa55217000 	C:\WINDOWS\SYSTEM32\WINMM.dll
0x00007ffa65ac0000 - 0x00007ffa65b2b000 	C:\WINDOWS\System32\WS2_32.dll
0x00007ffa620a0000 - 0x00007ffa620b2000 	C:\WINDOWS\SYSTEM32\kernel.appcore.dll
0x00007ffa5b5d0000 - 0x00007ffa5b5e0000 	C:\Program Files\Java\jre-1.8\bin\verify.dll
0x00007ffa3ddc0000 - 0x00007ffa3ddeb000 	C:\Program Files\Java\jre-1.8\bin\java.dll
0x00007ffa513b0000 - 0x00007ffa513c8000 	C:\Program Files\Java\jre-1.8\bin\zip.dll
0x00007ffa65b30000 - 0x00007ffa66274000 	C:\WINDOWS\System32\SHELL32.dll
0x00007ffa622a0000 - 0x00007ffa62a33000 	C:\WINDOWS\SYSTEM32\windows.storage.dll
0x00007ffa65760000 - 0x00007ffa65ab4000 	C:\WINDOWS\System32\combase.dll
0x00007ffa63c20000 - 0x00007ffa63c4e000 	C:\WINDOWS\SYSTEM32\Wldp.dll
0x00007ffa64d00000 - 0x00007ffa64dad000 	C:\WINDOWS\System32\SHCORE.dll
0x00007ffa65220000 - 0x00007ffa65275000 	C:\WINDOWS\System32\shlwapi.dll
0x00007ffa64110000 - 0x00007ffa6412f000 	C:\WINDOWS\SYSTEM32\profapi.dll
0x00007ffa50750000 - 0x00007ffa5076c000 	C:\Program Files\Java\jre-1.8\bin\net.dll
0x00007ffa63980000 - 0x00007ffa639ea000 	C:\WINDOWS\system32\mswsock.dll
0x00007ffa63670000 - 0x00007ffa6373a000 	C:\WINDOWS\SYSTEM32\DNSAPI.dll
0x00007ffa63620000 - 0x00007ffa6365c000 	C:\WINDOWS\SYSTEM32\IPHLPAPI.DLL
0x00007ffa66830000 - 0x00007ffa66838000 	C:\WINDOWS\System32\NSI.dll
0x00007ffa5b600000 - 0x00007ffa5b60a000 	C:\Windows\System32\rasadhlp.dll
0x00007ffa59dc0000 - 0x00007ffa59e42000 	C:\WINDOWS\System32\fwpuclnt.dll
0x00007ffa641d0000 - 0x00007ffa641f7000 	C:\WINDOWS\System32\bcrypt.dll
0x00007ffa63b70000 - 0x00007ffa63b88000 	C:\WINDOWS\SYSTEM32\CRYPTSP.dll
0x00007ffa63230000 - 0x00007ffa63264000 	C:\WINDOWS\system32\rsaenh.dll
0x00007ffa640d0000 - 0x00007ffa640fe000 	C:\WINDOWS\SYSTEM32\USERENV.dll
0x00007ffa64700000 - 0x00007ffa64782000 	C:\WINDOWS\System32\bcryptprimitives.dll
0x00007ffa63b90000 - 0x00007ffa63b9c000 	C:\WINDOWS\SYSTEM32\CRYPTBASE.dll
0x00007ffa5cbd0000 - 0x00007ffa5cbe7000 	C:\WINDOWS\SYSTEM32\dhcpcsvc6.DLL
0x00007ffa5cb50000 - 0x00007ffa5cb6d000 	C:\WINDOWS\SYSTEM32\dhcpcsvc.DLL
0x00007ffa4be10000 - 0x00007ffa4be23000 	C:\Program Files\Java\jre-1.8\bin\nio.dll
0x00007ffa5a940000 - 0x00007ffa5a94d000 	C:\Program Files\Java\jre-1.8\bin\management.dll
0x00007ffa548a0000 - 0x00007ffa54a84000 	C:\WINDOWS\SYSTEM32\dbghelp.dll

VM Arguments:
jvm_args: -Dos.name=Windows 7 
java_command: de.metanome.backend.algorithm_execution.AlgorithmExecution 2 CFDFinder-1.2-SNAPSHOT.jar2023-12-02T192127
java_class_path (initial): webapp-runner.jar;C:\Users\A1i5k\Desktop\馝昆\琨\metonole\backend\WEB-INF\lib\activation-1.1.1.jar;C:\Users\A1i5k\Desktop\馝昆\琨\metonole\backend\WEB-INF\lib\algorithm_helper-1.2-SNAPSHOT.jar;C:\Users\A1i5k\Desktop\馝昆\琨\metonole\backend\WEB-INF\lib\algorithm_integration-1.2-SNAPSHOT.jar;C:\Users\A1i5k\Desktop\馝昆\琨\metonole\backend\WEB-INF\lib\animal-sniffer-annotations-1.14.jar;C:\Users\A1i5k\Desktop\馝昆\琨\metonole\backend\WEB-INF\lib\antlr-2.7.7.jar;C:\Users\A1i5k\Desktop\馝昆\琨\metonole\backend\WEB-INF\lib\aopalliance-repackaged-2.5.0-b30.jar;C:\Users\A1i5k\Desktop\馝昆\琨\metonole\backend\WEB-INF\lib\backend-1.2-SNAPSHOT.jar;C:\Users\A1i5k\Desktop\馝昆\琨\metonole\backend\WEB-INF\lib\cglib-nodep-2.1_3.jar;C:\Users\A1i5k\Desktop\馝昆\琨\metonole\backend\WEB-INF\lib\checker-compat-qual-2.0.0.jar;C:\Users\A1i5k\Desktop\馝昆\琨\metonole\backend\WEB-INF\lib\commons-io-2.4.jar;C:\Users\A1i5k\Desktop\馝昆\琨\metonole\backend\WEB-INF\lib\commons-lang3-3.3.2.jar;C:\Users\A1i5k\Desktop\馝昆\琨\metonole\backend\WEB-INF\lib\dom4j-1.6.1.jar;C:\Users\A1i5k\Desktop\馝昆\琨\metonole\backend\WEB-INF\lib\error_prone_annotations-2.1.3.jar;C:\Users\A1i5k\Desktop\馝昆\琨\metonole\backend\WEB-INF\lib\fastutil-8.1.1.jar;C:\Users\A1i5k\Desktop\馝昆\琨\metonole\backend\WEB-INF\lib\guava-23.6-jre.jar;C:\Users\A1i5k\Desktop\馝昆\琨\metonole\backend\WEB-INF\lib\hibernate-commons-annotations-4.0.5.Final.jar;C:\Users\A1i5k\Desktop\馝昆\琨\metonole\backend\WEB-INF\lib\hibernate-core-4.3.10.Final.jar;C:\Users\A1i5k\Desktop\馝昆\琨\metonole\backend\WEB-INF\lib\hibernate-jpa-2.1-api-1.0.0.Final.jar;C:\Users\A1i5k\Desktop\馝昆\琨\metonole\backend\WEB-INF\lib\hk2-api-2.5.0-b30.jar;C:\Users\A1i5k\Desktop\馝昆\琨\metonole\backend\WEB-INF\lib\hk2-locator-2.5.0-b30.jar;C:\Users\A1i5k\Desktop\馝昆\琨\metonole\backend\WEB-INF\lib\hk2-utils-2.5.0-b30.jar;C:\Users\A1i5k\Desktop\馝昆\琨\metonole\backend\WEB-INF\lib\hsqldb-2.3.1.jar;C:\Users\A1i5k\
Launcher Type: SUN_STANDARD

Environment Variables:
JAVA_HOME=C:\Program Files\Java\jdk
JAVA_TOOL_OPTIONS="-Dos.name=Windows 7"
PATH=C:\Program Files (x86)\Common Files\Oracle\Java\javapath;C:\Program Files\NVIDIA GPU Computing Toolkit\CUDA\v11.7\bin;C:\Program Files\NVIDIA GPU Computing Toolkit\CUDA\v11.7\libnvvp;C:\ProgramData\Oracle\Java\javapath;C:\Windows\system32;C:\Windows;C:\Windows\System32\Wbem;C:\Windows\System32\WindowsPowerShell\v1.0\;C:\Windows\System32\OpenSSH\;C:\Program Files (x86)\Windows Live\Shared;C:\Program Files\NVIDIA Corporation\NVIDIA NvDLISR;C:\Program Files (x86)\NVIDIA Corporation\PhysX\Common;C:\Program Files\Git\cmd;C:\WINDOWS\system32;C:\WINDOWS;C:\WINDOWS\System32\Wbem;C:\WINDOWS\System32\WindowsPowerShell\v1.0\;C:\WINDOWS\System32\OpenSSH\;C:\Program Files\PuTTY\;C:\PROGRA~2\Aldec\Active-HDL 7.2\BIN;C:\Program Files\NVIDIA Corporation\Nsight Compute 2022.2.0\;C:\Program Files\Java\jdk\bin;C:\Program Files\Java\jre1.8.0_211\bin;C:\Strawberry\c\bin;C:\Strawberry\perl\site\bin;C:\Strawberry\perl\bin;C:\Users\A1i5k\AppData\Local\Programs\Python\Python38\Scripts\;C:\Users\A1i5k\AppData\Local\Programs\Python\Python38\;C:\WATCOM\BINNT;C:\WATCOM\BINW;C:\Users\A1i5k\AppData\Local\Programs\Python\Python39-32\Scripts\;C:\Users\A1i5k\AppData\Local\Programs\Python\Python39-32\;C:\Users\A1i5k\AppData\Local\Microsoft\WindowsApps;C:\Program Files\heroku\bin;C:\Users\A1i5k\AppData\Local\JetBrains\PyCharm 2021.1.2\bin;;C:\Program Files\Graphviz\bin;C:\Users\A1i5k\AppData\Local\Programs\MiKTeX\miktex\bin\x64\
USERNAME=A1i5k
OS=Windows_NT
PROCESSOR_IDENTIFIER=Intel64 Family 6 Model 45 Stepping 7, GenuineIntel



---------------  S Y S T E M  ---------------

OS: Windows 10 , 64 bit Build 19041 (10.0.19041.3031)

CPU:total 16 (initial active 16) (8 cores per cpu, 2 threads per core) family 6 model 45 stepping 7, cmov, cx8, fxsr, mmx, sse, sse2, sse3, ssse3, sse4.1, sse4.2, popcnt, avx, aes, clmul, ht, tsc, tscinvbit, tscinv

Memory: 4k page, physical 16705340k(3104104k free), swap 32700900k(4672164k free)

vm_info: Java HotSpot(TM) 64-Bit Server VM (25.381-b09) for windows-amd64 JRE (1.8.0_381-b09), built on Jun 14 2023 13:50:38 by "java_re" with MS VC++ 17.1 (VS2022)

time: Sat Dec  2 21:14:12 2023
timezone: RTZ 2 ( Family 6 Model 45 Stepping 7, GenuineIntel
elapsed time: 6765.731525 seconds (0d 1h 52m 45s)

